Using pre-set license
Built from '2020.3/release' branch; Version is '2020.3.12f1 (b3b2c6512326) revision 11776710'; Using compiler version '192528614'; Build Type 'Release'
OS: 'Windows 10 Home; OS build 19043.1110; Version 2009; 64bit' Language: 'fr' Physical Memory: 4043 MB
BatchMode: 1, IsHumanControllingUs: 0, StartBugReporterOnCrash: 0, Is64bit: 1, IsPro: 0

 COMMAND LINE ARGUMENTS:
C:\Program Files\Unity\2020.3.12f1\Editor\Unity.exe
-adb2
-batchMode
-noUpm
-name
AssetImportWorker0
-projectPath
C:/Users/21696/Desktop/0x02-unity-scripting
-logFile
Logs/AssetImportWorker0.log
-srvPort
60523
Successfully changed project path to: C:/Users/21696/Desktop/0x02-unity-scripting
C:/Users/21696/Desktop/0x02-unity-scripting
Using Asset Import Pipeline V2.
